[0.008s] Invoking command in '/ros2_ws/build/racetrack_mapper_package': CMAKE_PREFIX_PATH=/opt/ros/humble /usr/bin/cmake /ros2_ws/src/racetrack_mapper_package -DCMAKE_INSTALL_PREFIX=/ros2_ws/install/racetrack_mapper_package
[0.104s] -- The C compiler identification is GNU 11.4.0
[0.156s] -- The CXX compiler identification is GNU 11.4.0
[0.161s] -- Detecting C compiler ABI info
[0.204s] -- Detecting C compiler ABI info - done
[0.208s] -- Check for working C compiler: /usr/bin/cc - skipped
[0.208s] -- Detecting C compile features
[0.209s] -- Detecting C compile features - done
[0.211s] -- Detecting CXX compiler ABI info
[0.253s] -- Detecting CXX compiler ABI info - done
[0.257s] -- Check for working CXX compiler: /usr/bin/c++ - skipped
[0.257s] -- Detecting CXX compile features
[0.258s] -- Detecting CXX compile features - done
[0.259s] -- Found ament_cmake: 1.3.13 (/opt/ros/humble/share/ament_cmake/cmake)
[0.305s] -- Found Python3: /usr/bin/python3 (found version "3.10.12") found components: Interpreter 
[0.343s] -- Found rclcpp: 16.0.18 (/opt/ros/humble/share/rclcpp/cmake)
[0.360s] -- Found rosidl_generator_c: 3.1.8 (/opt/ros/humble/share/rosidl_generator_c/cmake)
[0.362s] -- Found rosidl_adapter: 3.1.8 (/opt/ros/humble/share/rosidl_adapter/cmake)
[0.366s] -- Found rosidl_generator_cpp: 3.1.8 (/opt/ros/humble/share/rosidl_generator_cpp/cmake)
[0.372s] -- Using all available rosidl_typesupport_c: rosidl_typesupport_fastrtps_c;rosidl_typesupport_introspection_c
[0.378s] -- Using all available rosidl_typesupport_cpp: rosidl_typesupport_fastrtps_cpp;rosidl_typesupport_introspection_cpp
[0.396s] -- Found rmw_implementation_cmake: 6.1.2 (/opt/ros/humble/share/rmw_implementation_cmake/cmake)
[0.398s] -- Found rmw_fastrtps_cpp: 6.2.10 (/opt/ros/humble/share/rmw_fastrtps_cpp/cmake)
[0.427s] -- Found OpenSSL: /usr/lib/aarch64-linux-gnu/libcrypto.so (found version "3.0.2")  
[0.435s] -- Found FastRTPS: /opt/ros/humble/include  
[0.442s] -- Using RMW implementation 'rmw_fastrtps_cpp' as default
[0.447s] -- Looking for pthread.h
[0.492s] -- Looking for pthread.h - found
[0.493s] -- Performing Test CMAKE_HAVE_LIBC_PTHREAD
[0.534s] -- Performing Test CMAKE_HAVE_LIBC_PTHREAD - Success
[0.534s] -- Found Threads: TRUE  
[0.557s] -- Found sensor_msgs: 4.9.1 (/opt/ros/humble/share/sensor_msgs/cmake)
[0.572s] [31mCMake Error at CMakeLists.txt:14 (find_package):
[0.572s]   By not providing "FindPCL.cmake" in CMAKE_MODULE_PATH this project has
[0.573s]   asked CMake to find a package configuration file provided by "PCL", but
[0.573s]   CMake did not find one.
[0.573s] 
[0.575s]   Could not find a package configuration file provided by "PCL" with any of
[0.575s]   the following names:
[0.576s] 
[0.576s]     PCLConfig.cmake
[0.576s]     pcl-config.cmake
[0.576s] 
[0.577s]   Add the installation prefix of "PCL" to CMAKE_PREFIX_PATH or set "PCL_DIR"
[0.577s]   to a directory containing one of the above files.  If "PCL" provides a
[0.577s]   separate development package or SDK, be sure it has been installed.
[0.577s] 
[0.577s] [0m
[0.577s] -- Configuring incomplete, errors occurred!
[0.577s] See also "/ros2_ws/build/racetrack_mapper_package/CMakeFiles/CMakeOutput.log".
[0.577s] Invoked command in '/ros2_ws/build/racetrack_mapper_package' returned '1': CMAKE_PREFIX_PATH=/opt/ros/humble /usr/bin/cmake /ros2_ws/src/racetrack_mapper_package -DCMAKE_INSTALL_PREFIX=/ros2_ws/install/racetrack_mapper_package
